<?xml version="1.0" encoding="UTF-8"?>
<testng-results ignored="0" total="1" passed="1" failed="0" skipped="0">
  <reporter-output>
  </reporter-output>
  <suite started-at="2024-04-10T12:39:28 IST" name="Default suite" finished-at="2024-04-10T12:39:32 IST" duration-ms="3874">
    <groups>
    </groups>
    <test started-at="2024-04-10T12:39:28 IST" name="Default test" finished-at="2024-04-10T12:39:32 IST" duration-ms="3874">
      <class name="Demo.ty.Login">
        <test-method is-config="true" signature="setup()[pri:0, instance:Demo.ty.Login@3336e6b6]" started-at="2024-04-10T12:39:28 IST" name="setup" finished-at="2024-04-10T12:39:30 IST" duration-ms="1704" status="PASS">
          <reporter-output>
          </reporter-output>
        </test-method> <!-- setup -->
        <test-method signature="loginTest()[pri:0, instance:Demo.ty.Login@3336e6b6]" started-at="2024-04-10T12:39:30 IST" name="loginTest" finished-at="2024-04-10T12:39:32 IST" duration-ms="2125" status="PASS">
          <reporter-output>
          </reporter-output>
        </test-method> <!-- loginTest -->
      </class> <!-- Demo.ty.Login -->
    </test> <!-- Default test -->
  </suite> <!-- Default suite -->
</testng-results>
